Using pre-set license
Built from '2022.3/staging' branch; Version is '2022.3.14f1 (eff2de9070d8) revision 15725278'; Using compiler version '192829333'; Build Type 'Release'
OS: 'Windows 11  (10.0.22631) 64bit Professional' Language: 'en' Physical Memory: 8034 MB
BatchMode: 1, IsHumanControllingUs: 0, StartBugReporterOnCrash: 0, Is64bit: 1, IsPro: 1

COMMAND LINE ARGUMENTS:
C:\Program Files\Unity\Hub\Editor\2022.3.14f1\Editor\Unity.exe
-adb2
-batchMode
-noUpm
-name
AssetImportWorker0
-projectPath
C:/Users/sarth/Clove The cat
-logFile
Logs/AssetImportWorker0.log
-srvPort
54122
Successfully changed project path to: C:/Users/sarth/Clove The cat
C:/Users/sarth/Clove The cat
[UnityMemory] Configuration Parameters - Can be set up in boot.config
    "memorysetup-bucket-allocator-granularity=16"
    "memorysetup-bucket-allocator-bucket-count=8"
    "memorysetup-bucket-allocator-block-size=33554432"
    "memorysetup-bucket-allocator-block-count=8"
    "memorysetup-main-allocator-block-size=16777216"
    "memorysetup-thread-allocator-block-size=16777216"
    "memorysetup-gfx-main-allocator-block-size=16777216"
    "memorysetup-gfx-thread-allocator-block-size=16777216"
    "memorysetup-cache-allocator-block-size=4194304"
    "memorysetup-typetree-allocator-block-size=2097152"
    "memorysetup-profiler-bucket-allocator-granularity=16"
    "memorysetup-profiler-bucket-allocator-bucket-count=8"
    "memorysetup-profiler-bucket-allocator-block-size=33554432"
    "memorysetup-profiler-bucket-allocator-block-count=8"
    "memorysetup-profiler-allocator-block-size=16777216"
    "memorysetup-profiler-editor-allocator-block-size=1048576"
    "memorysetup-temp-allocator-size-main=16777216"
    "memorysetup-job-temp-allocator-block-size=2097152"
    "memorysetup-job-temp-allocator-block-size-background=1048576"
    "memorysetup-job-temp-allocator-reduction-small-platforms=262144"
    "memorysetup-allocator-temp-initial-block-size-main=262144"
    "memorysetup-allocator-temp-initial-block-size-worker=262144"
    "memorysetup-temp-allocator-size-background-worker=32768"
    "memorysetup-temp-allocator-size-job-worker=262144"
    "memorysetup-temp-allocator-size-preload-manager=33554432"
    "memorysetup-temp-allocator-size-nav-mesh-worker=65536"
    "memorysetup-temp-allocator-size-audio-worker=65536"
    "memorysetup-temp-allocator-size-cloud-worker=32768"
    "memorysetup-temp-allocator-size-gi-baking-worker=262144"
    "memorysetup-temp-allocator-size-gfx=262144"
Player connection [10904] Host "[IP] 192.168.1.6 [Port] 0 [Flags] 2 [Guid] 566680483 [EditorId] 566680483 [Version] 1048832 [Id] WindowsEditor(7,Open-Box-PC) [Debug] 1 [PackageName] WindowsEditor [ProjectName] Editor" joined multi-casting on [225.0.0.222:54997]...

Player connection [10904] Host "[IP] 192.168.1.6 [Port] 0 [Flags] 2 [Guid] 566680483 [EditorId] 566680483 [Version] 1048832 [Id] WindowsEditor(7,Open-Box-PC) [Debug] 1 [PackageName] WindowsEditor [ProjectName] Editor" joined alternative multi-casting on [225.0.0.222:34997]...

[Physics::Module] Initialized MultithreadedJobDispatcher with 7 workers.
Refreshing native plugins compatible for Editor in 113.44 ms, found 3 plugins.
Preloading 0 native plugins for Editor in 0.00 ms.
Initialize engine version: 2022.3.14f1 (eff2de9070d8)
[Subsystems] Discovering subsystems at path C:/Program Files/Unity/Hub/Editor/2022.3.14f1/Editor/Data/Resources/UnitySubsystems
[Subsystems] Discovering subsystems at path C:/Users/sarth/Clove The cat/Assets
GfxDevice: creating device client; threaded=0; jobified=0
Direct3D:
    Version:  Direct3D 11.0 [level 11.1]
    Renderer: Intel(R) UHD Graphics 630 (ID=0x3e9b)
    Vendor:   Intel
    VRAM:     4017 MB
    Driver:   31.0.101.2111
Initialize mono
Mono path[0] = 'C:/Program Files/Unity/Hub/Editor/2022.3.14f1/Editor/Data/Managed'
Mono path[1] = 'C:/Program Files/Unity/Hub/Editor/2022.3.14f1/Editor/Data/MonoBleedingEdge/lib/mono/unityjit-win32'
Mono config path = 'C:/Program Files/Unity/Hub/Editor/2022.3.14f1/Editor/Data/MonoBleedingEdge/etc'
Using monoOptions --debugger-agent=transport=dt_socket,embedding=1,server=y,suspend=n,address=127.0.0.1:56940
Begin MonoManager ReloadAssembly
Registering precompiled unity dll's ...
Register platform support module: C:/Program Files/Unity/Hub/Editor/2022.3.14f1/Editor/Data/PlaybackEngines/WebGLSupport/UnityEditor.WebGL.Extensions.dll
Register platform support module: C:/Program Files/Unity/Hub/Editor/2022.3.14f1/Editor/Data/PlaybackEngines/AndroidPlayer/UnityEditor.Android.Extensions.dll
Register platform support module: C:/Program Files/Unity/Hub/Editor/2022.3.14f1/Editor/Data/PlaybackEngines/iOSSupport/UnityEditor.iOS.Extensions.dll
Register platform support module: C:/Program Files/Unity/Hub/Editor/2022.3.14f1/Editor/Data/PlaybackEngines/WindowsStandaloneSupport/UnityEditor.WindowsStandalone.Extensions.dll
Register platform support module: C:/Program Files/Unity/Hub/Editor/2022.3.14f1/Editor/Data/PlaybackEngines/MetroSupport/UnityEditor.UWP.Extensions.dll
Registered in 0.060715 seconds.
- Loaded All Assemblies, in  1.508 seconds
Native extension for UWP target not found
Native extension for WindowsStandalone target not found
[usbmuxd] Start listen thread
[usbmuxd] Listen thread started
Native extension for iOS target not found
Native extension for Android target not found
Android Extension - Scanning For ADB Devices 755 ms
Native extension for WebGL target not found
Mono: successfully reloaded assembly
- Finished resetting the current domain, in  2.387 seconds
Domain Reload Profiling: 3889ms
	BeginReloadAssembly (360ms)
		ExecutionOrderSort (0ms)
		DisableScriptedObjects (0ms)
		BackupInstance (0ms)
		ReleaseScriptingObjects (0ms)
		CreateAndSetChildDomain (2ms)
	RebuildCommonClasses (230ms)
	RebuildNativeTypeToScriptingClass (51ms)
	initialDomainReloadingComplete (249ms)
	LoadAllAssembliesAndSetupDomain (610ms)
		LoadAssemblies (363ms)
		RebuildTransferFunctionScriptingTraits (0ms)
		AnalyzeDomain (595ms)
			TypeCache.Refresh (589ms)
				TypeCache.ScanAssembly (533ms)
			ScanForSourceGeneratedMonoScriptInfo (3ms)
			ResolveRequiredComponents (3ms)
	FinalizeReload (2390ms)
		ReleaseScriptCaches (0ms)
		RebuildScriptCaches (0ms)
		SetupLoadedEditorAssemblies (2068ms)
			LogAssemblyErrors (0ms)
			InitializePlatformSupportModulesInManaged (1508ms)
			SetLoadedEditorAssemblies (18ms)
			RefreshPlugins (0ms)
			BeforeProcessingInitializeOnLoad (7ms)
			ProcessInitializeOnLoadAttributes (361ms)
			ProcessInitializeOnLoadMethodAttributes (173ms)
			AfterProcessingInitializeOnLoad (0ms)
			EditorAssembliesLoaded (0ms)
		ExecutionOrderSort2 (0ms)
		AwakeInstancesAfterBackupRestoration (0ms)
========================================================================
Worker process is ready to serve import requests
Begin MonoManager ReloadAssembly
- Loaded All Assemblies, in  2.345 seconds
Refreshing native plugins compatible for Editor in 10.05 ms, found 3 plugins.
Native extension for UWP target not found
Native extension for WindowsStandalone target not found
Native extension for iOS target not found
Native extension for Android target not found
Native extension for WebGL target not found
Package Manager log level set to [2]
[Package Manager] Server::EnsureServerProcessIsRunning -- launch failed, reason: Unity was launched with the -noUpm command-line argument
[Package Manager] UpmClient::Send -- Unable to send message (not connected to UPM process).
[Package Manager] Cannot connect to Unity Package Manager local server
Mono: successfully reloaded assembly
- Finished resetting the current domain, in  2.283 seconds
Domain Reload Profiling: 4617ms
	BeginReloadAssembly (749ms)
		ExecutionOrderSort (0ms)
		DisableScriptedObjects (19ms)
		BackupInstance (0ms)
		ReleaseScriptingObjects (0ms)
		CreateAndSetChildDomain (71ms)
	RebuildCommonClasses (140ms)
	RebuildNativeTypeToScriptingClass (34ms)
	initialDomainReloadingComplete (125ms)
	LoadAllAssembliesAndSetupDomain (1285ms)
		LoadAssemblies (1244ms)
		RebuildTransferFunctionScriptingTraits (0ms)
		AnalyzeDomain (589ms)
			TypeCache.Refresh (524ms)
				TypeCache.ScanAssembly (469ms)
			ScanForSourceGeneratedMonoScriptInfo (50ms)
			ResolveRequiredComponents (12ms)
	FinalizeReload (2285ms)
		ReleaseScriptCaches (0ms)
		RebuildScriptCaches (0ms)
		SetupLoadedEditorAssemblies (1731ms)
			LogAssemblyErrors (0ms)
			InitializePlatformSupportModulesInManaged (146ms)
			SetLoadedEditorAssemblies (15ms)
			RefreshPlugins (0ms)
			BeforeProcessingInitializeOnLoad (224ms)
			ProcessInitializeOnLoadAttributes (1258ms)
			ProcessInitializeOnLoadMethodAttributes (64ms)
			AfterProcessingInitializeOnLoad (24ms)
			EditorAssembliesLoaded (0ms)
		ExecutionOrderSort2 (0ms)
		AwakeInstancesAfterBackupRestoration (22ms)
Launched and connected shader compiler UnityShaderCompiler.exe after 0.14 seconds
Refreshing native plugins compatible for Editor in 12.09 ms, found 3 plugins.
Preloading 0 native plugins for Editor in 0.00 ms.
Unloading 3101 Unused Serialized files (Serialized files now loaded: 0)
Unloading 32 unused Assets / (58.9 KB). Loaded Objects now: 3565.
Memory consumption went from 127.8 MB to 127.7 MB.
Total: 10.449300 ms (FindLiveObjects: 0.407300 ms CreateObjectMapping: 0.329500 ms MarkObjects: 9.545000 ms  DeleteObjects: 0.165600 ms)

AssetImportParameters requested are different than current active one (requested -> active):
  custom:container-demuxer-ogg: 62fdf1f143b41e24485cea50d1cbac27 -> 
  custom:video-codec-MediaFoundation-h265: 746d11721c4dcdbdad8f713fa42b33f4 -> 
  custom:video-decoder-ogg-theora: a1e56fd34408186e4bbccfd4996cb3dc -> 
  custom:framework-win-MediaFoundation: 216162199b28c13a410421893ffa2e32 -> 
  custom:CustomObjectIndexerAttribute: 756ad292c208cfabdd7b50bc23989ffe -> 
  custom:container-demuxer-webm: 4f35f7cbe854078d1ac9338744f61a02 -> 
  custom:container-muxer-webm: aa71ff27fc2769a1b78a27578f13a17b -> 
  custom:video-decoder-webm-vp8: 9c59270c3fd7afecdb556c50c9e8de78 -> 
  custom:SearchIndexIgnoredProperties: e643bd26f0fe6173181afceb89e7c659 -> 
  custom:AudioImporter_EditorPlatform: d09bf68614088b80899f8185d706f6e7 -> 
  custom:video-encoder-webm-vp8: eb34c28f22e8b96e1ab97ce403110664 -> 
  custom:audio-decoder-ogg-vorbis: bf7c407c2cedff20999df2af8eb42d56 -> 
  custom:audio-encoder-webm-vorbis: bf7c407c2cedff20999df2af8eb42d56 -> 
========================================================================
Received Import Request.
  Time since last request: 5767.905572 seconds.
  path: Assets/VisualScriptingTutorial/Tutorial/Scenes
  artifactKey: Guid(cc2f796c723ce3949b35da6556c89721) Importer(815301076,1909f56bfc062723c751e8b465ee728b)
Start importing Assets/VisualScriptingTutorial/Tutorial/Scenes using Guid(cc2f796c723ce3949b35da6556c89721) Importer(815301076,1909f56bfc062723c751e8b465ee728b)  -> (artifact id: 'a2ff09da9209ce2e479be5a4ba0ee0a2') in 0.004492 seconds
Number of updated asset objects reloaded before import = 0
Number of asset objects unloaded after import = 0
========================================================================
Received Import Request.
  Time since last request: 0.000051 seconds.
  path: Assets/VisualScriptingTutorial/Tutorial
  artifactKey: Guid(0c4ea5c2d80d3d24593594f6be44b67c) Importer(815301076,1909f56bfc062723c751e8b465ee728b)
Start importing Assets/VisualScriptingTutorial/Tutorial using Guid(0c4ea5c2d80d3d24593594f6be44b67c) Importer(815301076,1909f56bfc062723c751e8b465ee728b)  -> (artifact id: '32f972dfb935b306ee85f0c7741aa359') in 0.000954 seconds
Number of updated asset objects reloaded before import = 0
Number of asset objects unloaded after import = 0
========================================================================
Received Import Request.
  Time since last request: 0.000071 seconds.
  path: Assets/VisualScriptingTutorial/Tutorial/Scenes/TutorialScene.unity
  artifactKey: Guid(ab16892e5a667ed4ea4c9823a769c766) Importer(815301076,1909f56bfc062723c751e8b465ee728b)
Start importing Assets/VisualScriptingTutorial/Tutorial/Scenes/TutorialScene.unity using Guid(ab16892e5a667ed4ea4c9823a769c766) Importer(815301076,1909f56bfc062723c751e8b465ee728b)  -> (artifact id: '2005d48df2e44c4f143e59ca9fdb8686') in 0.002283 seconds
Number of updated asset objects reloaded before import = 0
Number of asset objects unloaded after import = 0
========================================================================
Received Import Request.
  Time since last request: 0.000067 seconds.
  path: Assets/VisualScriptingTutorial/UniversalRenderPipelineGlobalSettings.asset
  artifactKey: Guid(c7e51394af1484852af97636d30df89c) Importer(815301076,1909f56bfc062723c751e8b465ee728b)
Start importing Assets/VisualScriptingTutorial/UniversalRenderPipelineGlobalSettings.asset using Guid(c7e51394af1484852af97636d30df89c) Importer(815301076,1909f56bfc062723c751e8b465ee728b)  -> (artifact id: '6b4b1c4d9d5c6f78f2a781cd7ecaae55') in 0.005041 seconds
Number of updated asset objects reloaded before import = 0
Number of asset objects unloaded after import = 1
========================================================================
Received Import Request.
  Time since last request: 31.845209 seconds.
  path: Assets/VisualScriptingTutorial/Tutorial/Scenes/ChallengeScene.unity
  artifactKey: Guid(17e2017e6ce262348ab68172df86ae3b) Importer(815301076,1909f56bfc062723c751e8b465ee728b)
Start importing Assets/VisualScriptingTutorial/Tutorial/Scenes/ChallengeScene.unity using Guid(17e2017e6ce262348ab68172df86ae3b) Importer(815301076,1909f56bfc062723c751e8b465ee728b)  -> (artifact id: '18c035e773746c8e70c45af3259301f8') in 0.001214 seconds
Number of updated asset objects reloaded before import = 0
Number of asset objects unloaded after import = 0
========================================================================
Received Import Request.
  Time since last request: 3.987991 seconds.
  path: Assets/VisualScriptingTutorial/Tutorial/VisualScripts/BaseDoorScript.asset
  artifactKey: Guid(23eaa153e74c9cb4fbe73543e8272589) Importer(815301076,1909f56bfc062723c751e8b465ee728b)
Start importing Assets/VisualScriptingTutorial/Tutorial/VisualScripts/BaseDoorScript.asset using Guid(23eaa153e74c9cb4fbe73543e8272589) Importer(815301076,1909f56bfc062723c751e8b465ee728b)  -> (artifact id: '4c97cf8c2d340efbc4ba706ca69cb1b5') in 2.020703 seconds
Number of updated asset objects reloaded before import = 0
Number of asset objects unloaded after import = 1
========================================================================
Received Import Request.
  Time since last request: 0.000070 seconds.
  path: Assets/VisualScriptingTutorial/Tutorial/VisualScripts
  artifactKey: Guid(7be5f40f124f96e4e9ab270b1f545fda) Importer(815301076,1909f56bfc062723c751e8b465ee728b)
Start importing Assets/VisualScriptingTutorial/Tutorial/VisualScripts using Guid(7be5f40f124f96e4e9ab270b1f545fda) Importer(815301076,1909f56bfc062723c751e8b465ee728b)  -> (artifact id: '7a7f7f29276d55314612f90773d74162') in 0.000680 seconds
Number of updated asset objects reloaded before import = 0
Number of asset objects unloaded after import = 0
========================================================================
Received Import Request.
  Time since last request: 0.000266 seconds.
  path: Assets/VisualScriptingTutorial/Tutorial/VisualScripts/TrapDoorScript.asset
  artifactKey: Guid(1499084596b3acc41a7939a5b77bc0e9) Importer(815301076,1909f56bfc062723c751e8b465ee728b)
Start importing Assets/VisualScriptingTutorial/Tutorial/VisualScripts/TrapDoorScript.asset using Guid(1499084596b3acc41a7939a5b77bc0e9) Importer(815301076,1909f56bfc062723c751e8b465ee728b)  -> (artifact id: '1d7169fa9d82bced8be9d8451fa0a96e') in 2.156190 seconds
Number of updated asset objects reloaded before import = 0
Number of asset objects unloaded after import = 2
========================================================================
Received Import Request.
  Time since last request: 0.000246 seconds.
  path: Assets/VisualScriptingTutorial/Tutorial/VisualScripts/Samples/Super_2.asset
  artifactKey: Guid(00f20fe84160c87458a005602e76fc9f) Importer(815301076,1909f56bfc062723c751e8b465ee728b)
Start importing Assets/VisualScriptingTutorial/Tutorial/VisualScripts/Samples/Super_2.asset using Guid(00f20fe84160c87458a005602e76fc9f) Importer(815301076,1909f56bfc062723c751e8b465ee728b)  -> (artifact id: '8ade1989187ccba9180b1c33b085b10c') in 0.004788 seconds
Number of updated asset objects reloaded before import = 0
Number of asset objects unloaded after import = 1
========================================================================
Received Import Request.
  Time since last request: 0.000021 seconds.
  path: Assets/VisualScriptingTutorial/Tutorial/VisualScripts/Samples/Super_0.asset
  artifactKey: Guid(0b4dd84c97192d54aa982ce843c3486f) Importer(815301076,1909f56bfc062723c751e8b465ee728b)
Start importing Assets/VisualScriptingTutorial/Tutorial/VisualScripts/Samples/Super_0.asset using Guid(0b4dd84c97192d54aa982ce843c3486f) Importer(815301076,1909f56bfc062723c751e8b465ee728b)  -> (artifact id: '9af3f8a713ee86a3c8eb4977a2952ba9') in 0.006487 seconds
Number of updated asset objects reloaded before import = 0
Number of asset objects unloaded after import = 1
========================================================================
Received Import Request.
  Time since last request: 0.000163 seconds.
  path: Assets/VisualScriptingTutorial/Tutorial/VisualScripts/Samples/Final_PushableScript.asset
  artifactKey: Guid(e181d88e1e65d774ab43b65eb7c097dd) Importer(815301076,1909f56bfc062723c751e8b465ee728b)
Start importing Assets/VisualScriptingTutorial/Tutorial/VisualScripts/Samples/Final_PushableScript.asset using Guid(e181d88e1e65d774ab43b65eb7c097dd) Importer(815301076,1909f56bfc062723c751e8b465ee728b)  -> (artifact id: 'eddec11648e7bfe1b33dbb8c43be1cb4') in 0.037356 seconds
Number of updated asset objects reloaded before import = 0
Number of asset objects unloaded after import = 1
========================================================================
Received Import Request.
  Time since last request: 0.000106 seconds.
  path: Assets/VisualScriptingTutorial/Tutorial/VisualScripts/Samples/Final_ThirdDoorScript.asset
  artifactKey: Guid(f059b696cc4caa04f98765414fc9903b) Importer(815301076,1909f56bfc062723c751e8b465ee728b)
Start importing Assets/VisualScriptingTutorial/Tutorial/VisualScripts/Samples/Final_ThirdDoorScript.asset using Guid(f059b696cc4caa04f98765414fc9903b) Importer(815301076,1909f56bfc062723c751e8b465ee728b)  -> (artifact id: '5163a6dae09572876fdd3ff131fa99e6') in 0.031179 seconds
Number of updated asset objects reloaded before import = 0
Number of asset objects unloaded after import = 2
========================================================================
Received Import Request.
  Time since last request: 0.000034 seconds.
  path: Assets/VisualScriptingTutorial/Tutorial/VisualScripts/Samples/Final_TrapDoorStates.asset
  artifactKey: Guid(cd9d7d1e7332390479c701ae3b4ea145) Importer(815301076,1909f56bfc062723c751e8b465ee728b)
Start importing Assets/VisualScriptingTutorial/Tutorial/VisualScripts/Samples/Final_TrapDoorStates.asset using Guid(cd9d7d1e7332390479c701ae3b4ea145) Importer(815301076,1909f56bfc062723c751e8b465ee728b)  -> (artifact id: '909ed574604f320f3aeda7abcc87ceef') in 0.153830 seconds
Number of updated asset objects reloaded before import = 0
Number of asset objects unloaded after import = 2
========================================================================
Received Import Request.
  Time since last request: 0.000048 seconds.
  path: Assets/VisualScriptingTutorial/Tutorial/VisualScripts/Samples
  artifactKey: Guid(775d91445937e6b479250b440a7b3138) Importer(815301076,1909f56bfc062723c751e8b465ee728b)
Start importing Assets/VisualScriptingTutorial/Tutorial/VisualScripts/Samples using Guid(775d91445937e6b479250b440a7b3138) Importer(815301076,1909f56bfc062723c751e8b465ee728b)  -> (artifact id: '096b757004e4c4e71dce17498e324525') in 0.000634 seconds
Number of updated asset objects reloaded before import = 0
Number of asset objects unloaded after import = 0
========================================================================
Received Import Request.
  Time since last request: 0.000163 seconds.
  path: Assets/VisualScriptingTutorial/Tutorial/VisualScripts/Samples/Final_PressureButtonScript.asset
  artifactKey: Guid(bb142823cd28c7546a66024ce6d3f8ec) Importer(815301076,1909f56bfc062723c751e8b465ee728b)
Start importing Assets/VisualScriptingTutorial/Tutorial/VisualScripts/Samples/Final_PressureButtonScript.asset using Guid(bb142823cd28c7546a66024ce6d3f8ec) Importer(815301076,1909f56bfc062723c751e8b465ee728b)  -> (artifact id: 'cd9a6efbd78ecc19e139e93e8dd3e2f6') in 0.018767 seconds
Number of updated asset objects reloaded before import = 0
Number of asset objects unloaded after import = 2
========================================================================
Received Import Request.
  Time since last request: 0.000039 seconds.
  path: Assets/VisualScriptingTutorial/Tutorial/VisualScripts/Samples/Extra_FirstDoorScript.asset
  artifactKey: Guid(1405ed45831ea4c46a423d640d5a2afb) Importer(815301076,1909f56bfc062723c751e8b465ee728b)
Start importing Assets/VisualScriptingTutorial/Tutorial/VisualScripts/Samples/Extra_FirstDoorScript.asset using Guid(1405ed45831ea4c46a423d640d5a2afb) Importer(815301076,1909f56bfc062723c751e8b465ee728b)  -> (artifact id: 'd0cf7cfeb994a7bf736b6d946d42cfc1') in 0.011402 seconds
Number of updated asset objects reloaded before import = 0
Number of asset objects unloaded after import = 2
========================================================================
Received Import Request.
  Time since last request: 0.000061 seconds.
  path: Assets/VisualScriptingTutorial/Tutorial/VisualScripts/Samples/Super_3.asset
  artifactKey: Guid(8ff6574ea7301724aa7dc2dba884adb5) Importer(815301076,1909f56bfc062723c751e8b465ee728b)
Start importing Assets/VisualScriptingTutorial/Tutorial/VisualScripts/Samples/Super_3.asset using Guid(8ff6574ea7301724aa7dc2dba884adb5) Importer(815301076,1909f56bfc062723c751e8b465ee728b)  -> (artifact id: '060e0308a74eb99c34be59606b6e5d51') in 0.009451 seconds
Number of updated asset objects reloaded before import = 0
Number of asset objects unloaded after import = 1
========================================================================
Received Import Request.
  Time since last request: 0.000084 seconds.
  path: Assets/VisualScriptingTutorial/Tutorial/VisualScripts/Samples/Super_1.asset
  artifactKey: Guid(64dcaa2aa8965de49810d882f2a26486) Importer(815301076,1909f56bfc062723c751e8b465ee728b)
Start importing Assets/VisualScriptingTutorial/Tutorial/VisualScripts/Samples/Super_1.asset using Guid(64dcaa2aa8965de49810d882f2a26486) Importer(815301076,1909f56bfc062723c751e8b465ee728b)  -> (artifact id: '4d113abb7976d46e724e78acd7bfee31') in 0.008616 seconds
Number of updated asset objects reloaded before import = 0
Number of asset objects unloaded after import = 1
========================================================================
Received Import Request.
  Time since last request: 0.000091 seconds.
  path: Assets/VisualScriptingTutorial/Tutorial/VisualScripts/Samples/Final_FirstDoorScript.asset
  artifactKey: Guid(99e0b63d15df0ac40a9ffdf3bc836eda) Importer(815301076,1909f56bfc062723c751e8b465ee728b)
Start importing Assets/VisualScriptingTutorial/Tutorial/VisualScripts/Samples/Final_FirstDoorScript.asset using Guid(99e0b63d15df0ac40a9ffdf3bc836eda) Importer(815301076,1909f56bfc062723c751e8b465ee728b)  -> (artifact id: '956fb78e801a2bd2535292e6f8314b88') in 0.061879 seconds
Number of updated asset objects reloaded before import = 0
Number of asset objects unloaded after import = 2
========================================================================
Received Import Request.
  Time since last request: 0.000026 seconds.
  path: Assets/VisualScriptingTutorial/Tutorial/VisualScripts/Samples/Final_SecondDoorScript.asset
  artifactKey: Guid(503ffc053935a6e4ea3bea608bb8c664) Importer(815301076,1909f56bfc062723c751e8b465ee728b)
Start importing Assets/VisualScriptingTutorial/Tutorial/VisualScripts/Samples/Final_SecondDoorScript.asset using Guid(503ffc053935a6e4ea3bea608bb8c664) Importer(815301076,1909f56bfc062723c751e8b465ee728b)  -> (artifact id: 'd552b760c8f26db57db519e3375f9398') in 0.020111 seconds
Number of updated asset objects reloaded before import = 0
Number of asset objects unloaded after import = 2
========================================================================
Received Import Request.
  Time since last request: 0.000105 seconds.
  path: Assets/VisualScriptingTutorial/Tutorial/VisualScripts/Samples/Final_DoorButtonScript.asset
  artifactKey: Guid(c65981587c7a0b949a6670324f5dcf2e) Importer(815301076,1909f56bfc062723c751e8b465ee728b)
Start importing Assets/VisualScriptingTutorial/Tutorial/VisualScripts/Samples/Final_DoorButtonScript.asset using Guid(c65981587c7a0b949a6670324f5dcf2e) Importer(815301076,1909f56bfc062723c751e8b465ee728b)  -> (artifact id: '46ee01d4ff4c45958719708190daa576') in 0.016312 seconds
Number of updated asset objects reloaded before import = 0
Number of asset objects unloaded after import = 2
========================================================================
Received Import Request.
  Time since last request: 0.000040 seconds.
  path: Assets/VisualScriptingTutorial/Tutorial/VisualScripts/Samples/Final_TrapDoorLeverScript.asset
  artifactKey: Guid(e8166ff28883ba2428367587c5a2b1fa) Importer(815301076,1909f56bfc062723c751e8b465ee728b)
Start importing Assets/VisualScriptingTutorial/Tutorial/VisualScripts/Samples/Final_TrapDoorLeverScript.asset using Guid(e8166ff28883ba2428367587c5a2b1fa) Importer(815301076,1909f56bfc062723c751e8b465ee728b)  -> (artifact id: '6bc996c30e2353ee4d48912b521d637f') in 0.025944 seconds
Number of updated asset objects reloaded before import = 0
Number of asset objects unloaded after import = 2
========================================================================
Received Import Request.
  Time since last request: 0.000087 seconds.
  path: Assets/VisualScriptingTutorial/Tutorial/VisualScripts/Samples/Final_TrapDoorOpenState.asset
  artifactKey: Guid(5db7dab2ac72fc14d84ebe2e09f5f3bf) Importer(815301076,1909f56bfc062723c751e8b465ee728b)
Start importing Assets/VisualScriptingTutorial/Tutorial/VisualScripts/Samples/Final_TrapDoorOpenState.asset using Guid(5db7dab2ac72fc14d84ebe2e09f5f3bf) Importer(815301076,1909f56bfc062723c751e8b465ee728b)  -> (artifact id: 'e87ea8d1b8a2d1e825476ea1825ee7d2') in 0.029809 seconds
Number of updated asset objects reloaded before import = 0
Number of asset objects unloaded after import = 2
========================================================================
Received Import Request.
  Time since last request: 0.000036 seconds.
  path: Assets/VisualScriptingTutorial/Tutorial/VisualScripts/Samples/Key_FirstDoorScript.asset
  artifactKey: Guid(a4fd97b278f5ef94599961b38af78a13) Importer(815301076,1909f56bfc062723c751e8b465ee728b)
Start importing Assets/VisualScriptingTutorial/Tutorial/VisualScripts/Samples/Key_FirstDoorScript.asset using Guid(a4fd97b278f5ef94599961b38af78a13) Importer(815301076,1909f56bfc062723c751e8b465ee728b)  -> (artifact id: '85cbd819f9d028b75a4a7725da776cfe') in 0.017395 seconds
Number of updated asset objects reloaded before import = 0
Number of asset objects unloaded after import = 2
========================================================================
Received Import Request.
  Time since last request: 0.000034 seconds.
  path: Assets/VisualScriptingTutorial/Tutorial/VisualScripts/Samples/DoorAnimation.asset
  artifactKey: Guid(324c3041a58fde941a2aa8f47da5eda1) Importer(815301076,1909f56bfc062723c751e8b465ee728b)
Start importing Assets/VisualScriptingTutorial/Tutorial/VisualScripts/Samples/DoorAnimation.asset using Guid(324c3041a58fde941a2aa8f47da5eda1) Importer(815301076,1909f56bfc062723c751e8b465ee728b)  -> (artifact id: 'b2ce68bcc500794e82a2adb4098073de') in 0.005469 seconds
Number of updated asset objects reloaded before import = 0
Number of asset objects unloaded after import = 1
========================================================================
Received Import Request.
  Time since last request: 0.000146 seconds.
  path: Assets/VisualScriptingTutorial/Tutorial/VisualScripts/TrapDoorStates.asset
  artifactKey: Guid(48f70376be81d7e4c95a34469d8f9753) Importer(815301076,1909f56bfc062723c751e8b465ee728b)
Start importing Assets/VisualScriptingTutorial/Tutorial/VisualScripts/TrapDoorStates.asset using Guid(48f70376be81d7e4c95a34469d8f9753) Importer(815301076,1909f56bfc062723c751e8b465ee728b)  -> (artifact id: '4639c93fba0d9ba5f02e668889d09f56') in 0.003681 seconds
Number of updated asset objects reloaded before import = 0
Number of asset objects unloaded after import = 1
